[INFO] 2025-03-05 11:08:01 日志记录器初始化成功 unknown:0 unknown()
[INFO] 2025-03-05 11:08:01 数据库连接成功 unknown:0 unknown()
[INFO] 2025-03-05 11:08:39 成功查看user 2 的购物车信息 unknown:0 unknown()
[INFO] 2025-03-05 11:09:08 RemoveGoods function called unknown:0 unknown()
[INFO] 2025-03-05 11:09:08 Successfully deleted goods from shopping list unknown:0 unknown()
[INFO] 2025-03-05 11:09:29 删除用户2成功 unknown:0 unknown()
[ERROR] 2025-03-05 11:10:14 id:2未注册登录:record not found unknown:0 unknown()
[INFO] 2025-03-05 11:24:28 日志记录器初始化成功 unknown:0 unknown()
[INFO] 2025-03-05 11:24:28 数据库连接成功 unknown:0 unknown()
[INFO] 2025-03-05 11:24:54 日志记录器初始化成功 unknown:0 unknown()
[INFO] 2025-03-05 11:24:54 数据库连接成功 unknown:0 unknown()
[INFO] 2025-03-05 11:25:05 成功注册用户,ID:5 unknown:0 unknown()
[ERROR] 2025-03-05 11:25:20 id:1未注册登录:record not found unknown:0 unknown()
[INFO] 2025-03-05 11:25:28 获取用户5信息成功 unknown:0 unknown()
[INFO] 2025-03-05 11:25:41 用户5更新数据成功 unknown:0 unknown()
[INFO] 2025-03-05 11:25:55 删除用户5成功 unknown:0 unknown()
[INFO] 2025-03-05 11:26:01 成功注册用户,ID:6 unknown:0 unknown()
[INFO] 2025-03-05 11:27:07 日志记录器初始化成功 unknown:0 unknown()
[INFO] 2025-03-05 11:27:07 数据库连接成功 unknown:0 unknown()
[INFO] 2025-03-05 11:27:48 日志记录器初始化成功 unknown:0 unknown()
[INFO] 2025-03-05 11:27:48 数据库连接成功 unknown:0 unknown()
[INFO] 2025-03-05 11:28:59 日志记录器初始化成功 unknown:0 unknown()
[INFO] 2025-03-05 11:28:59 数据库连接成功 unknown:0 unknown()
[INFO] 2025-03-05 11:29:07 成功注册用户,ID:7 unknown:0 unknown()
[INFO] 2025-03-05 11:29:20 获取用户7信息成功 unknown:0 unknown()
[ERROR] 2025-03-05 11:30:19 用户未注册登录:record not found unknown:0 unknown()
[INFO] 2025-03-05 11:30:26 删除用户7成功 unknown:0 unknown()
[ERROR] 2025-03-05 11:31:49 用户未注册登录:record not found unknown:0 unknown()
[INFO] 2025-03-05 11:32:12 日志记录器初始化成功 unknown:0 unknown()
[INFO] 2025-03-05 11:32:12 数据库连接成功 unknown:0 unknown()
[INFO] 2025-03-05 11:32:20 成功注册用户,ID:8 unknown:0 unknown()
[INFO] 2025-03-05 11:32:28 获取用户8信息成功 unknown:0 unknown()
[INFO] 2025-03-05 11:32:42 用户8更新数据成功 unknown:0 unknown()
[INFO] 2025-03-05 11:32:55 删除用户8成功 unknown:0 unknown()
[INFO] 2025-03-05 11:33:04 成功注册用户,ID:9 unknown:0 unknown()
[INFO] 2025-03-05 11:33:19 增加商品 unknown:0 unknown()
[INFO] 2025-03-05 11:33:19 成功添加商品，商品id:115115860514832385 unknown:0 unknown()
[INFO] 2025-03-05 11:37:57 获得一个商品 unknown:0 unknown()
[INFO] 2025-03-05 11:37:57 成功获取商品115115860514832385的信息 unknown:0 unknown()
[INFO] 2025-03-05 11:42:48 用户9添加了商品到购物车 unknown:0 unknown()
[INFO] 2025-03-05 11:43:55 RemoveGoods function called unknown:0 unknown()
[INFO] 2025-03-05 11:43:55 Successfully deleted goods from shopping list unknown:0 unknown()
[INFO] 2025-03-05 11:44:24 成功查看user 9 的购物车信息 unknown:0 unknown()
[INFO] 2025-03-05 11:47:05 用户9添加了商品到购物车 unknown:0 unknown()
[INFO] 2025-03-05 11:47:44 用户9创建了订单115117312113115137 unknown:0 unknown()
[INFO] 2025-03-05 11:48:56 RemoveGoods function called unknown:0 unknown()
[INFO] 2025-03-05 11:48:56 Successfully deleted goods from shopping list unknown:0 unknown()
[INFO] 2025-03-05 11:51:08 日志记录器初始化成功 unknown:0 unknown()
[INFO] 2025-03-05 11:51:08 数据库连接成功 unknown:0 unknown()
[INFO] 2025-03-05 11:51:27 成功注册用户,ID:10 unknown:0 unknown()
[INFO] 2025-03-05 11:51:41 获取用户10信息成功 unknown:0 unknown()
[INFO] 2025-03-05 11:51:49 用户10更新数据成功 unknown:0 unknown()
[INFO] 2025-03-05 11:51:56 删除用户10成功 unknown:0 unknown()
[INFO] 2025-03-05 11:52:04 成功注册用户,ID:11 unknown:0 unknown()
[INFO] 2025-03-05 11:52:27 增加商品 unknown:0 unknown()
[INFO] 2025-03-05 11:52:27 成功添加商品，商品id:115117785650036737 unknown:0 unknown()
[INFO] 2025-03-05 11:52:56 获得一个商品 unknown:0 unknown()
[INFO] 2025-03-05 11:52:56 成功获取商品115117785650036737的信息 unknown:0 unknown()
[INFO] 2025-03-05 11:53:49 获得一个商品 unknown:0 unknown()
[ERROR] 2025-03-05 11:53:49 获取失败:record not found unknown:0 unknown()
[ERROR] 2025-03-05 11:53:49 用户未注册登录:record not found unknown:0 unknown()
[INFO] 2025-03-05 11:53:53 删除用户11成功 unknown:0 unknown()
[INFO] 2025-03-05 12:11:12 日志记录器初始化成功 unknown:0 unknown()
[INFO] 2025-03-05 12:11:12 数据库连接成功 unknown:0 unknown()
[INFO] 2025-03-05 12:11:23 成功注册用户,ID:12 unknown:0 unknown()
[INFO] 2025-03-05 12:11:32 获取用户12信息成功 unknown:0 unknown()
[INFO] 2025-03-05 12:11:41 用户12更新数据成功 unknown:0 unknown()
[INFO] 2025-03-05 12:11:48 删除用户12成功 unknown:0 unknown()
[INFO] 2025-03-05 12:11:55 成功注册用户,ID:13 unknown:0 unknown()
[INFO] 2025-03-05 12:12:05 增加商品 unknown:0 unknown()
[INFO] 2025-03-05 12:12:05 成功添加商品，商品id:115119762006081537 unknown:0 unknown()
[INFO] 2025-03-05 12:12:20 获得一个商品 unknown:0 unknown()
[INFO] 2025-03-05 12:12:20 成功获取商品115119762006081537的信息 unknown:0 unknown()
[ERROR] 2025-03-05 12:12:27 缺少参数 unknown:0 unknown()
[INFO] 2025-03-05 12:12:27 用户0添加了商品到购物车 unknown:0 unknown()
[INFO] 2025-03-05 12:12:57 用户13添加了商品到购物车 unknown:0 unknown()
[INFO] 2025-03-05 12:13:24 获得一个商品 unknown:0 unknown()
[ERROR] 2025-03-05 12:13:24 获取失败:record not found unknown:0 unknown()
[INFO] 2025-03-05 12:13:35 获得一个商品 unknown:0 unknown()
[INFO] 2025-03-05 12:13:35 成功获取商品115119762006081537的信息 unknown:0 unknown()
[INFO] 2025-03-05 12:14:28 增加商品 unknown:0 unknown()
[INFO] 2025-03-05 12:14:28 成功添加商品，商品id:115120002507472897 unknown:0 unknown()
[INFO] 2025-03-05 12:14:44 获得一个商品 unknown:0 unknown()
[INFO] 2025-03-05 12:14:44 成功获取商品115119762006081537的信息 unknown:0 unknown()
[INFO] 2025-03-05 12:14:56 获得一个商品 unknown:0 unknown()
[INFO] 2025-03-05 12:14:56 成功获取商品115120002507472897的信息 unknown:0 unknown()
[INFO] 2025-03-05 12:17:16 日志记录器初始化成功 unknown:0 unknown()
[INFO] 2025-03-05 12:17:16 数据库连接成功 unknown:0 unknown()
[INFO] 2025-03-05 12:17:24 成功注册用户,ID:14 unknown:0 unknown()
[INFO] 2025-03-05 12:17:37 获取用户14信息成功 unknown:0 unknown()
[INFO] 2025-03-05 12:17:44 用户14更新数据成功 unknown:0 unknown()
[INFO] 2025-03-05 12:17:49 删除用户14成功 unknown:0 unknown()
[INFO] 2025-03-05 12:17:55 成功注册用户,ID:15 unknown:0 unknown()
[INFO] 2025-03-05 12:18:03 增加商品 unknown:0 unknown()
[INFO] 2025-03-05 12:18:03 成功添加商品，商品id:115120363670601729 unknown:0 unknown()
[INFO] 2025-03-05 12:18:20 获得一个商品 unknown:0 unknown()
[INFO] 2025-03-05 12:18:20 成功获取商品115120363670601729的信息 unknown:0 unknown()
[INFO] 2025-03-05 12:18:39 用户15添加了商品到购物车 unknown:0 unknown()
[INFO] 2025-03-05 12:19:23 RemoveGoods function called unknown:0 unknown()
[INFO] 2025-03-05 12:19:23 Successfully deleted goods from shopping list unknown:0 unknown()
[INFO] 2025-03-05 12:19:30 成功查看user 15 的购物车信息 unknown:0 unknown()
[INFO] 2025-03-05 12:20:08 用户15添加了商品到购物车 unknown:0 unknown()
[INFO] 2025-03-05 12:20:14 成功查看user 15 的购物车信息 unknown:0 unknown()
[INFO] 2025-03-05 12:20:35 用户15创建了订单115120617811869697 unknown:0 unknown()
