[INFO] 2025-03-04 11:36:05 日志记录器初始化成功 unknown:0 unknown()
[INFO] 2025-03-04 11:36:05 数据库连接成功 unknown:0 unknown()
[ERROR] 2025-03-04 11:36:32 id:1未注册登录:record not found unknown:0 unknown()
[INFO] 2025-03-04 14:37:01 日志记录器初始化成功 unknown:0 unknown()
[INFO] 2025-03-04 14:37:01 数据库连接成功 unknown:0 unknown()
[INFO] 2025-03-04 14:38:50 成功注册用户,ID:1 unknown:0 unknown()
[INFO] 2025-03-04 14:40:39 获取用户1信息成功 unknown:0 unknown()
[INFO] 2025-03-04 19:47:22 获取用户1信息成功 unknown:0 unknown()
[INFO] 2025-03-04 19:48:59 用户1更新数据成功 unknown:0 unknown()
[INFO] 2025-03-04 19:49:23 删除用户1成功 unknown:0 unknown()
[ERROR] 2025-03-04 19:49:37 id:1未注册登录:record not found unknown:0 unknown()
[INFO] 2025-03-04 19:50:45 增加商品 unknown:0 unknown()
[INFO] 2025-03-04 19:51:04 获得一个商品 unknown:0 unknown()
[ERROR] 2025-03-04 19:51:04 获取失败:record not found unknown:0 unknown()
[INFO] 2025-03-04 19:51:07 增加商品 unknown:0 unknown()
[INFO] 2025-03-04 19:51:27 成功注册用户,ID:2 unknown:0 unknown()
[ERROR] 2025-03-04 19:51:37 用户未注册登录:record not found unknown:0 unknown()
[INFO] 2025-03-04 19:56:07 增加商品 unknown:0 unknown()
[INFO] 2025-03-04 19:56:52 增加商品 unknown:0 unknown()
[INFO] 2025-03-04 19:57:28 增加商品 unknown:0 unknown()
[INFO] 2025-03-04 20:00:09 增加商品 unknown:0 unknown()
[INFO] 2025-03-04 20:00:14 增加商品 unknown:0 unknown()
[INFO] 2025-03-04 20:00:23 增加商品 unknown:0 unknown()
[INFO] 2025-03-04 20:02:04 日志记录器初始化成功 unknown:0 unknown()
[INFO] 2025-03-04 20:02:04 数据库连接成功 unknown:0 unknown()
[INFO] 2025-03-04 20:02:34 增加商品 unknown:0 unknown()
[INFO] 2025-03-04 20:04:27 增加商品 unknown:0 unknown()
[INFO] 2025-03-04 20:07:55 增加商品 unknown:0 unknown()
[INFO] 2025-03-04 20:08:40 增加商品 unknown:0 unknown()
[INFO] 2025-03-04 20:12:49 日志记录器初始化成功 unknown:0 unknown()
[INFO] 2025-03-04 20:12:49 数据库连接成功 unknown:0 unknown()
[INFO] 2025-03-04 20:14:15 增加商品 unknown:0 unknown()
[INFO] 2025-03-04 20:15:20 增加商品 unknown:0 unknown()
[INFO] 2025-03-04 20:15:27 增加商品 unknown:0 unknown()
[INFO] 2025-03-04 20:16:09 增加商品 unknown:0 unknown()
[INFO] 2025-03-04 20:17:40 增加商品 unknown:0 unknown()
[INFO] 2025-03-04 20:19:38 日志记录器初始化成功 unknown:0 unknown()
[INFO] 2025-03-04 20:19:38 数据库连接成功 unknown:0 unknown()
[INFO] 2025-03-04 20:20:10 增加商品 unknown:0 unknown()
[INFO] 2025-03-04 20:25:14 日志记录器初始化成功 unknown:0 unknown()
[INFO] 2025-03-04 20:25:14 数据库连接成功 unknown:0 unknown()
[INFO] 2025-03-04 20:25:26 增加商品 unknown:0 unknown()
[ERROR] 2025-03-04 20:25:26 生成商品id失败:Sonyflake instance is nil unknown:0 unknown()
[INFO] 2025-03-04 20:28:40 日志记录器初始化成功 unknown:0 unknown()
[INFO] 2025-03-04 20:28:40 数据库连接成功 unknown:0 unknown()
[INFO] 2025-03-04 20:28:48 增加商品 unknown:0 unknown()
[INFO] 2025-03-04 20:28:48 成功添加商品，商品id:115024808500002817 unknown:0 unknown()
[INFO] 2025-03-04 20:29:40 成功注册用户,ID:3 unknown:0 unknown()
[ERROR] 2025-03-04 20:29:54 id:1未注册登录:record not found unknown:0 unknown()
[INFO] 2025-03-04 20:30:02 获取用户3信息成功 unknown:0 unknown()
[INFO] 2025-03-04 20:31:13 批量获得商品 unknown:0 unknown()
[INFO] 2025-03-04 20:31:52 获得一个商品 unknown:0 unknown()
[ERROR] 2025-03-04 20:31:52 获取失败:record not found unknown:0 unknown()
[INFO] 2025-03-04 20:35:27 获得一个商品 unknown:0 unknown()
[INFO] 2025-03-04 20:35:27 成功获取商品115024808500002817的信息 unknown:0 unknown()
[INFO] 2025-03-04 20:37:02 增加商品 unknown:0 unknown()
[INFO] 2025-03-04 20:37:02 成功添加商品，商品id:115025637999116289 unknown:0 unknown()
[INFO] 2025-03-04 20:37:54 获得一个商品 unknown:0 unknown()
[ERROR] 2025-03-04 20:37:54 获取失败:record not found unknown:0 unknown()
[INFO] 2025-03-04 20:38:14 获得一个商品 unknown:0 unknown()
[INFO] 2025-03-04 20:38:14 成功获取商品115025637999116289的信息 unknown:0 unknown()
[INFO] 2025-03-04 20:43:01 日志记录器初始化成功 unknown:0 unknown()
[INFO] 2025-03-04 20:43:01 数据库连接成功 unknown:0 unknown()
[INFO] 2025-03-04 20:43:14 获得一个商品 unknown:0 unknown()
[INFO] 2025-03-04 20:43:14 成功获取商品115025637999116289的信息 unknown:0 unknown()
[INFO] 2025-03-04 20:43:29 增加商品 unknown:0 unknown()
[INFO] 2025-03-04 20:43:29 成功添加商品，商品id:115026286975385601 unknown:0 unknown()
[INFO] 2025-03-04 20:43:56 获得一个商品 unknown:0 unknown()
[INFO] 2025-03-04 20:43:56 成功获取商品115026286975385601的信息 unknown:0 unknown()
[INFO] 2025-03-04 20:46:29 日志记录器初始化成功 unknown:0 unknown()
[INFO] 2025-03-04 20:46:29 数据库连接成功 unknown:0 unknown()
[INFO] 2025-03-04 20:46:40 获得一个商品 unknown:0 unknown()
[INFO] 2025-03-04 20:46:40 成功获取商品115026286975385601的信息 unknown:0 unknown()
[INFO] 2025-03-04 20:52:23 用户1添加了商品到购物车 unknown:0 unknown()
[INFO] 2025-03-04 20:54:37 RemoveGoods function called unknown:0 unknown()
[ERROR] 2025-03-04 20:54:37 Invalid request payload unknown:0 unknown()
[ERROR] 2025-03-04 20:55:28 id:1未注册登录:record not found unknown:0 unknown()
[INFO] 2025-03-04 20:55:42 成功注册用户,ID:4 unknown:0 unknown()
[ERROR] 2025-03-04 20:55:48 id:1未注册登录:record not found unknown:0 unknown()
[INFO] 2025-03-04 20:55:54 获取用户3信息成功 unknown:0 unknown()
[INFO] 2025-03-04 20:56:01 获取用户2信息成功 unknown:0 unknown()
[INFO] 2025-03-04 20:56:24 删除用户4成功 unknown:0 unknown()
[INFO] 2025-03-04 20:56:29 删除用户3成功 unknown:0 unknown()
[INFO] 2025-03-04 20:56:33 获取用户2信息成功 unknown:0 unknown()
[INFO] 2025-03-04 20:57:07 成功查看user 2 的购物车信息 unknown:0 unknown()
[INFO] 2025-03-04 20:58:04 用户2添加了商品到购物车 unknown:0 unknown()
[INFO] 2025-03-04 20:58:11 成功查看user 2 的购物车信息 unknown:0 unknown()
[INFO] 2025-03-04 21:06:08 成功查看user 2 的购物车信息 unknown:0 unknown()
[ERROR] 2025-03-04 21:06:54 数据库访问错误:Error 1264: Out of range value for column 'id' at row 1 unknown:0 unknown()
[INFO] 2025-03-04 21:18:30 日志记录器初始化成功 unknown:0 unknown()
[INFO] 2025-03-04 21:18:30 数据库连接成功 unknown:0 unknown()
[INFO] 2025-03-04 21:18:36 成功查看user 2 的购物车信息 unknown:0 unknown()
[ERROR] 2025-03-04 21:18:42 数据库访问错误:Error 1264: Out of range value for column 'id' at row 1 unknown:0 unknown()
[INFO] 2025-03-04 21:25:42 成功查看user 2 的购物车信息 unknown:0 unknown()
[INFO] 2025-03-04 21:28:32 日志记录器初始化成功 unknown:0 unknown()
[INFO] 2025-03-04 21:28:32 数据库连接成功 unknown:0 unknown()
[INFO] 2025-03-04 21:52:50 日志记录器初始化成功 unknown:0 unknown()
[INFO] 2025-03-04 21:52:50 数据库连接成功 unknown:0 unknown()
[INFO] 2025-03-04 21:53:07 用户2创建了订单115033296311681025 unknown:0 unknown()
[INFO] 2025-03-04 22:00:05 日志记录器初始化成功 unknown:0 unknown()
[INFO] 2025-03-04 22:00:05 数据库连接成功 unknown:0 unknown()
[INFO] 2025-03-04 22:00:16 用户2创建了订单115034015131500545 unknown:0 unknown()
[INFO] 2025-03-04 22:02:09 日志记录器初始化成功 unknown:0 unknown()
[INFO] 2025-03-04 22:02:09 数据库连接成功 unknown:0 unknown()
[INFO] 2025-03-04 22:02:13 成功查看user 2 的购物车信息 unknown:0 unknown()
[INFO] 2025-03-04 22:02:57 RemoveGoods function called unknown:0 unknown()
[ERROR] 2025-03-04 22:02:57 Invalid request payload unknown:0 unknown()
[INFO] 2025-03-04 22:04:18 RemoveGoods function called unknown:0 unknown()
[ERROR] 2025-03-04 22:04:18 Invalid request payload unknown:0 unknown()
[INFO] 2025-03-04 22:04:38 RemoveGoods function called unknown:0 unknown()
[INFO] 2025-03-04 22:04:38 Successfully deleted goods from shopping list unknown:0 unknown()
